<?xml version="1.0" encoding="UTF-8"?>
<!-- Generated by org.testng.reporters.JUnitReportReporter -->
<testsuite hostname="DESKTOP-I6MRD32" failures="0" tests="1" name="com.infy.JenkinsPractice.GoogleValidation" time="24.732" errors="0" timestamp="2024-09-10T11:57:45 IST" skipped="0">
  <testcase classname="com.infy.JenkinsPractice.GoogleValidation" name="validateGoogle" time="24.732"/>
</testsuite> <!-- com.infy.JenkinsPractice.GoogleValidation -->
